<?xml version="1.0" encoding="UTF-8"?>
<!-- Generated by org.testng.reporters.JUnitReportReporter -->
<testsuite skipped="0" hostname="LAPTOP-82HCE90S" name="Tests.Temperature_GUI" tests="1" failures="0" timestamp="2020-11-19T19:49:35 IST" time="27.369" errors="0">
  <testcase name="Fetch_GUI_Temp" time="27.369" classname="Tests.Temperature_GUI"/>
</testsuite> <!-- Tests.Temperature_GUI -->
