<?xml version="1.0" encoding="UTF-8"?>
<!-- Generated by org.testng.reporters.JUnitReportReporter -->
<testsuite skipped="0" hostname="LAPTOP-82HCE90S" name="Tests.Temperature_GUI" tests="1" failures="0" timestamp="2020-11-22T11:02:37 IST" time="29.760" errors="0">
  <testcase name="Fetch_GUI_Temp" time="29.760" classname="Tests.Temperature_GUI"/>
</testsuite> <!-- Tests.Temperature_GUI -->
