<?xml version="1.0" encoding="UTF-8"?>
<!-- Generated by org.testng.reporters.JUnitReportReporter -->
<testsuite skipped="0" hostname="LAPTOP-82HCE90S" name="Tests.Temperature_API" tests="1" failures="0" timestamp="2020-11-22T19:18:31 IST" time="4.130" errors="0">
  <testcase name="getRequest" time="4.130" classname="Tests.Temperature_API"/>
</testsuite> <!-- Tests.Temperature_API -->
