<?xml version="1.0" encoding="UTF-8"?>
<!-- Generated by org.testng.reporters.JUnitReportReporter -->
<testsuite skipped="0" hostname="LAPTOP-82HCE90S" name="Tests.Temperature_Compare" tests="1" failures="0" timestamp="2020-11-22T11:02:37 IST" time="0.001" errors="0">
  <testcase name="compare_Values" time="0.001" classname="Tests.Temperature_Compare"/>
</testsuite> <!-- Tests.Temperature_Compare -->
