<?xml version="1.0" encoding="UTF-8"?>
<!-- Generated by org.testng.reporters.JUnitReportReporter -->
<testsuite skipped="0" hostname="LAPTOP-82HCE90S" name="Utilities.PropertiesFile" tests="1" failures="0" timestamp="2020-11-19T19:18:05 IST" time="0.009" errors="0">
  <testcase name="readPropertiesFile" time="0.009" classname="Utilities.PropertiesFile"/>
</testsuite> <!-- Utilities.PropertiesFile -->
