<?xml version="1.0" encoding="UTF-8"?>
<!-- Generated by org.testng.reporters.JUnitReportReporter -->
<testsuite skipped="0" hostname="LAPTOP-82HCE90S" name="Tests.Temperature_Compare" tests="1" failures="0" timestamp="2020-11-22T10:14:56 IST" time="3.849" errors="0">
  <testcase name="getRequest" time="3.849" classname="Tests.Temperature_Compare"/>
</testsuite> <!-- Tests.Temperature_Compare -->
